

Started GET "/" for 127.0.0.1 at 2011-11-28 00:12:11 -0800
  Processing by PagesController#home as HTML
Completed   in 188ms

ActiveRecord::StatementInvalid (Could not find table 'tasks'):
  app/controllers/pages_controller.rb:5:in `new'
  app/controllers/pages_controller.rb:5:in `home'

Rendered /Users/taberta/.rvm/gems/ruby-1.9.2-p290/gems/actionpack-3.0.3/lib/action_dispatch/middleware/templates/rescues/_trace.erb (1.3ms)
  [1m[36mUser Load (20.4ms)[0m  [1mSELECT "users".* FROM "users" ORDER BY first_name ASC[0m
SQLite3::SQLException: no such table: users: SELECT "users".* FROM "users" ORDER BY first_name ASC
Rendered /Users/taberta/.rvm/gems/ruby-1.9.2-p290/gems/actionpack-3.0.3/lib/action_dispatch/middleware/templates/rescues/_request_and_response.erb (23.5ms)
Rendered /Users/taberta/.rvm/gems/ruby-1.9.2-p290/gems/actionpack-3.0.3/lib/action_dispatch/middleware/templates/rescues/diagnostics.erb within rescues/layout (30.0ms)
  [1m[36mSQL (0.4ms)[0m  [1m SELECT name
 FROM sqlite_master
 WHERE type = 'table' AND NOT name = 'sqlite_sequence'
[0m
  [1m[35mSQL (20.9ms)[0m  select sqlite_version(*)
  [1m[36mSQL (1.5ms)[0m  [1mCREATE TABLE "schema_migrations" ("version" varchar(255) NOT NULL) [0m
  [1m[35mSQL (6.6ms)[0m  PRAGMA index_list("schema_migrations")
  [1m[36mSQL (1.6ms)[0m  [1mCREATE UNIQUE INDEX "unique_schema_migrations" ON "schema_migrations" ("version")[0m
  [1m[35mSQL (0.2ms)[0m   SELECT name
 FROM sqlite_master
 WHERE type = 'table' AND NOT name = 'sqlite_sequence'
  [1m[36mSQL (0.2ms)[0m  [1m SELECT name
 FROM sqlite_master
 WHERE type = 'table' AND NOT name = 'sqlite_sequence'
[0m
  [1m[35mSQL (0.1ms)[0m  SELECT "schema_migrations"."version" FROM "schema_migrations"
Migrating to CreateUsers (20110514191923)
  [1m[36mSQL (0.6ms)[0m  [1mCREATE TABLE "users" ("id" INTEGER PRIMARY KEY AUTOINCREMENT NOT NULL, "first_name" varchar(255), "last_name" varchar(255), "email" varchar(255), "created_at" datetime, "updated_at" datetime) [0m
  [1m[35mSQL (0.1ms)[0m  INSERT INTO "schema_migrations" ("version") VALUES ('20110514191923')
Migrating to AddEmailUniquenessIndex (20110514194018)
  [1m[36mSQL (0.1ms)[0m  [1mPRAGMA index_list("users")[0m
  [1m[35mSQL (0.4ms)[0m  CREATE UNIQUE INDEX "index_users_on_email" ON "users" ("email")
  [1m[36mSQL (0.1ms)[0m  [1mINSERT INTO "schema_migrations" ("version") VALUES ('20110514194018')[0m
Migrating to AddPasswordToUsers (20110514201746)
  [1m[35mSQL (1.6ms)[0m  ALTER TABLE "users" ADD "encrypted_password" varchar(255)
  [1m[36mSQL (0.2ms)[0m  [1mINSERT INTO "schema_migrations" ("version") VALUES ('20110514201746')[0m
Migrating to AddSaltToUsers (20110514232132)
  [1m[35mSQL (0.5ms)[0m  ALTER TABLE "users" ADD "salt" varchar(255)
  [1m[36mSQL (0.2ms)[0m  [1mINSERT INTO "schema_migrations" ("version") VALUES ('20110514232132')[0m
Migrating to AddAdminToUsers (20110516063407)
  [1m[35mSQL (0.6ms)[0m  ALTER TABLE "users" ADD "admin" boolean DEFAULT 'f'
  [1m[36mSQL (0.1ms)[0m  [1mINSERT INTO "schema_migrations" ("version") VALUES ('20110516063407')[0m
Migrating to CreateTasks (20110517043331)
  [1m[35mSQL (0.5ms)[0m  CREATE TABLE "tasks" ("id" INTEGER PRIMARY KEY AUTOINCREMENT NOT NULL, "description" varchar(255), "completed" boolean DEFAULT 'f', "position" integer, "created_by_id" integer, "assigned_to_id" integer, "created_at" datetime, "updated_at" datetime) 
  [1m[36mSQL (0.0ms)[0m  [1mPRAGMA index_list("tasks")[0m
  [1m[35mSQL (0.6ms)[0m  CREATE INDEX "index_tasks_on_created_by_id" ON "tasks" ("created_by_id")
  [1m[36mSQL (0.2ms)[0m  [1mPRAGMA index_list("tasks")[0m
  [1m[35mSQL (0.1ms)[0m  PRAGMA index_info('index_tasks_on_created_by_id')
  [1m[36mSQL (0.2ms)[0m  [1mCREATE INDEX "index_tasks_on_assigned_to_id" ON "tasks" ("assigned_to_id")[0m
  [1m[35mSQL (0.1ms)[0m  INSERT INTO "schema_migrations" ("version") VALUES ('20110517043331')
  [1m[36mSQL (0.3ms)[0m  [1m SELECT name
 FROM sqlite_master
 WHERE type = 'table' AND NOT name = 'sqlite_sequence'
[0m
  [1m[35mSQL (0.3ms)[0m  SELECT "schema_migrations"."version" FROM "schema_migrations"
  [1m[36mSQL (0.2ms)[0m  [1m SELECT name
 FROM sqlite_master
 WHERE type = 'table' AND NOT name = 'sqlite_sequence'
[0m
  [1m[35mSQL (0.2ms)[0m  PRAGMA index_list("tasks")
  [1m[36mSQL (0.1ms)[0m  [1mPRAGMA index_info('index_tasks_on_assigned_to_id')[0m
  [1m[35mSQL (0.1ms)[0m  PRAGMA index_info('index_tasks_on_created_by_id')
  [1m[36mSQL (0.1ms)[0m  [1mPRAGMA index_list("users")[0m
  [1m[35mSQL (0.1ms)[0m  PRAGMA index_info('index_users_on_email')


Started GET "/" for 127.0.0.1 at 2011-11-28 00:13:01 -0800
  Processing by PagesController#home as HTML
  [1m[36mSQL (0.3ms)[0m  [1m SELECT name
 FROM sqlite_master
 WHERE type = 'table' AND NOT name = 'sqlite_sequence'
[0m
  [1m[35mUser Load (0.3ms)[0m  SELECT "users".* FROM "users" WHERE ("users"."id" IS NULL) LIMIT 1
  [1m[36mUser Load (0.2ms)[0m  [1mSELECT "users".* FROM "users" ORDER BY first_name ASC[0m
Rendered layouts/_stylesheets.html.erb (0.7ms)
  [1m[35mCACHE (0.0ms)[0m  SELECT "users".* FROM "users" WHERE ("users"."id" IS NULL) LIMIT 1
  [1m[36mCACHE (0.0ms)[0m  [1mSELECT "users".* FROM "users" WHERE ("users"."id" IS NULL) LIMIT 1[0m
Rendered layouts/_header.html.erb (2.1ms)
Rendered layouts/_footer.html.erb (0.4ms)
Rendered pages/home.html.erb within layouts/application (79.5ms)
Completed 200 OK in 252ms (Views: 101.6ms | ActiveRecord: 0.8ms)


Started GET "/" for 127.0.0.1 at 2011-11-28 00:14:58 -0800
  Processing by PagesController#home as HTML
  [1m[35mUser Load (0.2ms)[0m  SELECT "users".* FROM "users" WHERE ("users"."id" IS NULL) LIMIT 1
  [1m[36mUser Load (0.2ms)[0m  [1mSELECT "users".* FROM "users" ORDER BY first_name ASC[0m
Rendered layouts/_stylesheets.html.erb (1.3ms)
  [1m[35mCACHE (0.0ms)[0m  SELECT "users".* FROM "users" WHERE ("users"."id" IS NULL) LIMIT 1
  [1m[36mCACHE (0.0ms)[0m  [1mSELECT "users".* FROM "users" WHERE ("users"."id" IS NULL) LIMIT 1[0m
Rendered layouts/_header.html.erb (2.7ms)
Rendered layouts/_footer.html.erb (0.4ms)
Rendered pages/home.html.erb within layouts/application (27.2ms)
Completed 200 OK in 97ms (Views: 31.7ms | ActiveRecord: 0.4ms)


Started GET "/signin" for 127.0.0.1 at 2011-11-28 00:16:44 -0800
  Processing by SessionsController#new as HTML
Rendered layouts/_stylesheets.html.erb (0.6ms)
  [1m[35mUser Load (0.2ms)[0m  SELECT "users".* FROM "users" WHERE ("users"."id" IS NULL) LIMIT 1
  [1m[36mCACHE (0.0ms)[0m  [1mSELECT "users".* FROM "users" WHERE ("users"."id" IS NULL) LIMIT 1[0m
Rendered layouts/_header.html.erb (34.1ms)
Rendered layouts/_footer.html.erb (0.4ms)
Rendered sessions/new.html.erb within layouts/application (245.4ms)
Completed 200 OK in 255ms (Views: 253.9ms | ActiveRecord: 0.2ms)


Started GET "/" for 127.0.0.1 at 2011-11-28 00:16:44 -0800
  Processing by PagesController#home as HTML
  [1m[35mUser Load (0.2ms)[0m  SELECT "users".* FROM "users" WHERE ("users"."id" IS NULL) LIMIT 1
  [1m[36mUser Load (0.2ms)[0m  [1mSELECT "users".* FROM "users" ORDER BY first_name ASC[0m
Rendered layouts/_stylesheets.html.erb (1.1ms)
  [1m[35mCACHE (0.0ms)[0m  SELECT "users".* FROM "users" WHERE ("users"."id" IS NULL) LIMIT 1
  [1m[36mCACHE (0.0ms)[0m  [1mSELECT "users".* FROM "users" WHERE ("users"."id" IS NULL) LIMIT 1[0m
Rendered layouts/_header.html.erb (2.1ms)
Rendered layouts/_footer.html.erb (0.4ms)
Rendered pages/home.html.erb within layouts/application (30.3ms)
Completed 200 OK in 136ms (Views: 34.0ms | ActiveRecord: 0.4ms)


Started GET "/" for 127.0.0.1 at 2011-11-28 00:16:55 -0800
  Processing by PagesController#home as HTML
  [1m[35mUser Load (0.2ms)[0m  SELECT "users".* FROM "users" WHERE ("users"."id" IS NULL) LIMIT 1
  [1m[36mUser Load (0.2ms)[0m  [1mSELECT "users".* FROM "users" ORDER BY first_name ASC[0m
Rendered layouts/_stylesheets.html.erb (0.6ms)
  [1m[35mCACHE (0.0ms)[0m  SELECT "users".* FROM "users" WHERE ("users"."id" IS NULL) LIMIT 1
  [1m[36mCACHE (0.0ms)[0m  [1mSELECT "users".* FROM "users" WHERE ("users"."id" IS NULL) LIMIT 1[0m
Rendered layouts/_header.html.erb (1.9ms)
Rendered layouts/_footer.html.erb (0.8ms)
Rendered pages/home.html.erb within layouts/application (23.3ms)
Completed 200 OK in 93ms (Views: 27.1ms | ActiveRecord: 0.4ms)


Started GET "/signup" for 127.0.0.1 at 2011-11-28 00:16:56 -0800
  Processing by UsersController#new as HTML
  [1m[35mUser Load (0.2ms)[0m  SELECT "users".* FROM "users" WHERE ("users"."id" IS NULL) LIMIT 1
Rendered shared/_error_messages.html.erb (0.7ms)
Rendered users/_fields.html.erb (6.1ms)
Rendered layouts/_stylesheets.html.erb (0.6ms)
  [1m[36mCACHE (0.0ms)[0m  [1mSELECT "users".* FROM "users" WHERE ("users"."id" IS NULL) LIMIT 1[0m
  [1m[35mCACHE (0.0ms)[0m  SELECT "users".* FROM "users" WHERE ("users"."id" IS NULL) LIMIT 1
Rendered layouts/_header.html.erb (1.9ms)
Rendered layouts/_footer.html.erb (0.4ms)
Rendered users/new.html.erb within layouts/application (27.7ms)
Completed 200 OK in 99ms (Views: 38.7ms | ActiveRecord: 0.2ms)


Started GET "/" for 127.0.0.1 at 2011-11-28 00:17:02 -0800
  Processing by PagesController#home as HTML
  [1m[36mUser Load (0.3ms)[0m  [1mSELECT "users".* FROM "users" WHERE ("users"."id" IS NULL) LIMIT 1[0m
  [1m[35mUser Load (0.2ms)[0m  SELECT "users".* FROM "users" ORDER BY first_name ASC
Rendered layouts/_stylesheets.html.erb (0.6ms)
  [1m[36mCACHE (0.0ms)[0m  [1mSELECT "users".* FROM "users" WHERE ("users"."id" IS NULL) LIMIT 1[0m
  [1m[35mCACHE (0.0ms)[0m  SELECT "users".* FROM "users" WHERE ("users"."id" IS NULL) LIMIT 1
Rendered layouts/_header.html.erb (1.8ms)
Rendered layouts/_footer.html.erb (0.3ms)
Rendered pages/home.html.erb within layouts/application (24.6ms)
Completed 200 OK in 102ms (Views: 28.1ms | ActiveRecord: 0.5ms)


Started GET "/" for 127.0.0.1 at 2011-11-28 00:21:35 -0800
  Processing by PagesController#home as HTML
  [1m[36mSQL (0.3ms)[0m  [1m SELECT name
 FROM sqlite_master
 WHERE type = 'table' AND NOT name = 'sqlite_sequence'
[0m
  [1m[35mUser Load (0.2ms)[0m  SELECT "users".* FROM "users" WHERE ("users"."id" IS NULL) LIMIT 1
  [1m[36mUser Load (0.3ms)[0m  [1mSELECT "users".* FROM "users" ORDER BY first_name ASC[0m
Rendered layouts/_stylesheets.html.erb (0.8ms)
  [1m[35mCACHE (0.0ms)[0m  SELECT "users".* FROM "users" WHERE ("users"."id" IS NULL) LIMIT 1
  [1m[36mCACHE (0.0ms)[0m  [1mSELECT "users".* FROM "users" WHERE ("users"."id" IS NULL) LIMIT 1[0m
Rendered layouts/_header.html.erb (2.0ms)
Rendered layouts/_footer.html.erb (0.3ms)
Rendered pages/home.html.erb within layouts/application (62.9ms)
Completed 200 OK in 218ms (Views: 66.7ms | ActiveRecord: 0.7ms)
